-------------------------------------------------------------------------------
Test set: com.navercorp.nbase_arc_java_client.HelloNbaseTest
-------------------------------------------------------------------------------
Tests run: 1, Failures: 0, Errors: 1, Skipped: 0, Time elapsed: 1.606 sec <<< FAILURE!
NbaseSearch(com.navercorp.nbase_arc_java_client.HelloNbaseTest)  Time elapsed: 0.01 sec  <<< ERROR!
java.lang.IllegalArgumentException: not found address {ipAddress=null, domainAddress=null, timeoutMillisec=1000, healthCheckPeriodSeconds=10, healthCheckThreadSize=3, healthCheckUsed=true, poolConfig={initialSize=8, maxIdle=8, minIdle=0, maxActive=8, maxWait=1000, whenExhaustedAction=true, testOnBorrow=false, testOnReturn=false, testWhileIdle=true, timeBetweenEvictionRunsMillis=300000, numTestsPerEvictionRun=2, minEvictableIdleTimeMillis=-1, softMinEvictableIdleTimeMillis=1800000}, gatewaySelectorMethod=round-robin, keyspace=null, zkAddress=127.0.0.1:2181, clusterName=test_cluster, maxRetry=0, backgroundPoolSize=64, clientSyncTimeUnitMillis=0, connectPerDelayMillis=10, affinityUsed=true, zkSessionTimeout=60000, zkConnectTimeout=1000}
	at com.navercorp.redis.cluster.gateway.Gateway.<init>(Gateway.java:109)
	at com.navercorp.redis.cluster.gateway.GatewayClient.<init>(GatewayClient.java:116)
	at com.navercorp.nbase_arc_java_client.HelloNbase.<init>(HelloNbase.java:39)
	at com.navercorp.nbase_arc_java_client.HelloNbaseTest.<init>(HelloNbaseTest.java:7)
	at sun.reflect.NativeConstructorAccessorImpl.newInstance0(Native Method)
	at sun.reflect.NativeConstructorAccessorImpl.newInstance(NativeConstructorAccessorImpl.java:62)
	at sun.reflect.DelegatingConstructorAccessorImpl.newInstance(DelegatingConstructorAccessorImpl.java:45)
	at java.lang.reflect.Constructor.newInstance(Constructor.java:423)
	at org.junit.internal.runners.JUnit4ClassRunner.createTest(JUnit4ClassRunner.java:72)
	at org.junit.internal.runners.JUnit4ClassRunner.invokeTestMethod(JUnit4ClassRunner.java:79)
	at org.junit.internal.runners.JUnit4ClassRunner.runMethods(JUnit4ClassRunner.java:51)
	at org.junit.internal.runners.JUnit4ClassRunner$1.run(JUnit4ClassRunner.java:44)
	at org.junit.internal.runners.ClassRoadie.runUnprotected(ClassRoadie.java:27)
	at org.junit.internal.runners.ClassRoadie.runProtected(ClassRoadie.java:37)
	at org.junit.internal.runners.JUnit4ClassRunner.run(JUnit4ClassRunner.java:42)
	at org.apache.maven.surefire.junit4.JUnit4Provider.execute(JUnit4Provider.java:252)
	at org.apache.maven.surefire.junit4.JUnit4Provider.executeTestSet(JUnit4Provider.java:141)
	at org.apache.maven.surefire.junit4.JUnit4Provider.invoke(JUnit4Provider.java:112)
	at sun.reflect.NativeMethodAccessorImpl.invoke0(Native Method)
	at sun.reflect.NativeMethodAccessorImpl.invoke(NativeMethodAccessorImpl.java:62)
	at sun.reflect.DelegatingMethodAccessorImpl.invoke(DelegatingMethodAccessorImpl.java:43)
	at java.lang.reflect.Method.invoke(Method.java:498)
	at org.apache.maven.surefire.util.ReflectionUtils.invokeMethodWithArray(ReflectionUtils.java:189)
	at org.apache.maven.surefire.booter.ProviderFactory$ProviderProxy.invoke(ProviderFactory.java:165)
	at org.apache.maven.surefire.booter.ProviderFactory.invokeProvider(ProviderFactory.java:85)
	at org.apache.maven.surefire.booter.ForkedBooter.runSuitesInProcess(ForkedBooter.java:115)
	at org.apache.maven.surefire.booter.ForkedBooter.main(ForkedBooter.java:75)

